0 silly argv {
0 silly argv   _: [ 'add' ],
0 silly argv   scope: 'local-api',
0 silly argv   globs: [],
0 silly argv   lernaVersion: '4.0.0',
0 silly argv   '$0': 'lerna',
0 silly argv   pkg: 'local-client'
0 silly argv }
1 notice cli v4.0.0
2 verbose rootPath /home/haziz1/udemy/jbook
3 error JSONError: Unexpected token "}" (0x7D) in JSON at position 399 while parsing near "...eware\": \"^1.1.2\",\n  },\n  \"devDependencie..." in local-api/package.json
3 error
3 error [0m [90m 17 |[39m     [32m"express"[39m[33m:[39m [32m"^4.17.1"[39m[33m,[39m[0m
3 error [0m [90m 18 |[39m     [32m"http-proxy-middleware"[39m[33m:[39m [32m"^1.1.2"[39m[33m,[39m[0m
3 error [0m[31m[1m>[22m[39m[90m 19 |[39m   }[33m,[39m[0m
3 error [0m [90m    |[39m   [31m[1m^[22m[39m[0m
3 error [0m [90m 20 |[39m   [32m"devDependencies"[39m[33m:[39m {[0m
3 error [0m [90m 21 |[39m     [32m"@types/es6-shim"[39m[33m:[39m [32m"^0.31.41"[39m[0m
3 error [0m [90m 22 |[39m   }[0m
3 error
3 error     at parseJson (/usr/local/lib/node_modules/lerna/node_modules/parse-json/index.js:29:21)
3 error     at parse (/usr/local/lib/node_modules/lerna/node_modules/load-json-file/index.js:15:9)
3 error     at module.exports (/usr/local/lib/node_modules/lerna/node_modules/load-json-file/index.js:18:47)
